AVISO: processed_graph_data.pkl não encontrado — tentando carregar chunks em data/processed/graph_data/
Carregado pacote a partir de chunks com chaves: ['nodes_gdf', 'adj_geo', 'adj_faction', 'adj_matrix', 'node_features']
Carregando dados para API...
[load_data_and_models] Fallback loaded dates from /app/data/processed/graph_data/dates.pkl: type=<class 'pandas.DatetimeIndex'>, len=1482
Carregados 11 lotes de eventos exógenos.
Aplicando eventos exógenos na malha...
Malha adaptada: 59 modificações aplicadas.
Carregando modelo CVLI de /app/models/stgcn_cvli.pth...
Checkpoint time_steps=90 != WINDOW_CVLI=120, adapting model instantiation.
Carregando modelo CVP de /app/models/stgcn_cvp.pth...
Checkpoint time_steps=30 != WINDOW_CVP=90, adapting model instantiation.
[PeriodicReload] Scheduled reload starting...
AVISO: processed_graph_data.pkl não encontrado — tentando carregar chunks em data/processed/graph_data/
Enriching regions...
Carregado pacote a partir de chunks com chaves: ['nodes_gdf', 'adj_geo', 'adj_faction', 'adj_matrix', 'node_features']
Carregando dados para API...
[load_data_and_models] Fallback loaded dates from /app/data/processed/graph_data/dates.pkl: type=<class 'pandas.DatetimeIndex'>, len=1482
Carregados 11 lotes de eventos exógenos.
Aplicando eventos exógenos na malha...
Malha adaptada: 59 modificações aplicadas.
Carregando modelo CVLI de /app/models/stgcn_cvli.pth...
Checkpoint time_steps=90 != WINDOW_CVLI=120, adapting model instantiation.
Carregando modelo CVP de /app/models/stgcn_cvp.pth...
Checkpoint time_steps=30 != WINDOW_CVP=90, adapting model instantiation.
[PeriodicReload] Scheduled reload finished.
Assigned Fortaleza to 1071 nodes via BBox.
Inferred cities for 1371 nodes using proximity.
 * Serving Flask app 'app'
 * Debug mode: on
INFO:werkzeug:[31m[1mWARNING: This is a development server. Do not use it in a production deployment. Use a production WSGI server instead.[0m
 * Running on all addresses (0.0.0.0)
 * Running on http://127.0.0.1:5000
 * Running on http://192.168.0.2:5000
INFO:werkzeug:[33mPress CTRL+C to quit[0m
INFO:werkzeug: * Restarting with stat
WARNING:werkzeug: * Debugger is active!
INFO:werkzeug: * Debugger PIN: 410-907-091
INFO:werkzeug:127.0.0.1 - - [29/Jan/2026 12:06:18] "GET / HTTP/1.1" 200 -
INFO:werkzeug:127.0.0.1 - - [29/Jan/2026 12:06:20] "GET /api/polygons HTTP/1.1" 200 -
INFO:werkzeug:127.0.0.1 - - [29/Jan/2026 12:06:21] "GET /api/risk HTTP/1.1" 200 -
INFO:werkzeug: * Detected change in '/app/verify_frontend.py', reloading
AVISO: processed_graph_data.pkl não encontrado — tentando carregar chunks em data/processed/graph_data/
Carregado pacote a partir de chunks com chaves: ['nodes_gdf', 'adj_geo', 'adj_faction', 'adj_matrix', 'node_features']
Carregando dados para API...
[load_data_and_models] Fallback loaded dates from /app/data/processed/graph_data/dates.pkl: type=<class 'pandas.DatetimeIndex'>, len=1482
Carregados 11 lotes de eventos exógenos.
Aplicando eventos exógenos na malha...
Malha adaptada: 59 modificações aplicadas.
Carregando modelo CVLI de /app/models/stgcn_cvli.pth...
Checkpoint time_steps=90 != WINDOW_CVLI=120, adapting model instantiation.
Carregando modelo CVP de /app/models/stgcn_cvp.pth...
Checkpoint time_steps=30 != WINDOW_CVP=90, adapting model instantiation.
[PeriodicReload] Scheduled reload starting...
AVISO: processed_graph_data.pkl não encontrado — tentando carregar chunks em data/processed/graph_data/
Enriching regions...
Carregado pacote a partir de chunks com chaves: ['nodes_gdf', 'adj_geo', 'adj_faction', 'adj_matrix', 'node_features']
Carregando dados para API...
[load_data_and_models] Fallback loaded dates from /app/data/processed/graph_data/dates.pkl: type=<class 'pandas.DatetimeIndex'>, len=1482
Carregados 11 lotes de eventos exógenos.
Aplicando eventos exógenos na malha...
Malha adaptada: 59 modificações aplicadas.
Assigned Fortaleza to 1071 nodes via BBox.
Inferred cities for 1378 nodes using proximity.
Carregando modelo CVLI de /app/models/stgcn_cvli.pth...
Checkpoint time_steps=90 != WINDOW_CVLI=120, adapting model instantiation.
Carregando modelo CVP de /app/models/stgcn_cvp.pth...
Checkpoint time_steps=30 != WINDOW_CVP=90, adapting model instantiation.
[PeriodicReload] Scheduled reload finished.
INFO:werkzeug: * Restarting with stat
WARNING:werkzeug: * Debugger is active!
INFO:werkzeug: * Debugger PIN: 410-907-091
INFO:werkzeug:127.0.0.1 - - [29/Jan/2026 12:07:11] "GET / HTTP/1.1" 200 -
INFO:werkzeug:127.0.0.1 - - [29/Jan/2026 12:07:12] "GET /api/polygons HTTP/1.1" 200 -
INFO:werkzeug:127.0.0.1 - - [29/Jan/2026 12:07:13] "GET /api/risk HTTP/1.1" 200 -
